<?xml version="1.0" encoding="UTF-8"?>
<!-- Generated by org.testng.reporters.JUnitXMLReporter -->
<testsuite ignored="3" hostname="Angitha_K" failures="0" tests="1" name="EdgeTest" time="9.227" errors="0" timestamp="2025-04-21T16:30:48 IST">
  <testcase classname="testScript.LoginTest" name="verifyUserAbleToLoginUsingValidCredentials" time="2.095"/>
  <testcase classname="testScript.LoginTest" name="verifyUserAbleToLoginWithWrongUsernameCorrectPassword" time="0.0">
    <ignored/>
  </testcase> <!-- verifyUserAbleToLoginWithWrongUsernameCorrectPassword -->
  <testcase classname="testScript.LoginTest" name="verifyUserAbleToLoginWithWrongUsernameWrongPassword" time="0.0">
    <ignored/>
  </testcase> <!-- verifyUserAbleToLoginWithWrongUsernameWrongPassword -->
  <testcase classname="testScript.LoginTest" name="verifyUserAbleToLoginWithCorrectUsernameWrongPassword" time="0.0">
    <ignored/>
  </testcase> <!-- verifyUserAbleToLoginWithCorrectUsernameWrongPassword -->
</testsuite> <!-- EdgeTest -->
