<?xml version="1.0" encoding="UTF-8"?>
<!-- Generated by org.testng.reporters.JUnitXMLReporter -->
<testsuite ignored="0" hostname="Angitha_K" failures="0" tests="4" name="ChromeTest" time="22.254" errors="0" timestamp="2025-04-21T16:31:49 IST">
  <testcase classname="testScript.LoginTest" name="verifyUserAbleToLoginUsingValidCredentials" time="2.423"/>
  <testcase classname="testScript.LoginTest" name="verifyUserAbleToLoginWithCorrectUsernameWrongPassword" time="0.796"/>
  <testcase classname="testScript.LoginTest" name="verifyUserAbleToLoginWithWrongUsernameCorrectPassword" time="1.04"/>
  <testcase classname="testScript.LoginTest" name="verifyUserAbleToLoginWithWrongUsernameWrongPassword" time="0.921"/>
</testsuite> <!-- ChromeTest -->
