<?xml version="1.0" encoding="UTF-8"?>
<!-- Generated by org.testng.reporters.JUnitXMLReporter -->
<testsuite ignored="3" hostname="Angitha_K" failures="0" tests="1" name="Test" time="6.556" errors="0" timestamp="2025-04-25T17:36:12 IST">
  <testcase classname="testScript.LoginTest" name="verifyUserAbleToLoginWithWrongUsernameWrongPassword" time="2.288"/>
  <testcase classname="testScript.LoginTest" name="verifyUserAbleToLoginWithWrongUsernameCorrectPassword" time="0.0">
    <ignored/>
  </testcase> <!-- verifyUserAbleToLoginWithWrongUsernameCorrectPassword -->
  <testcase classname="testScript.LoginTest" name="verifyUserAbleToLoginUsingValidCredentials" time="0.0">
    <ignored/>
  </testcase> <!-- verifyUserAbleToLoginUsingValidCredentials -->
  <testcase classname="testScript.LoginTest" name="verifyUserAbleToLoginWithCorrectUsernameWrongPassword" time="0.0">
    <ignored/>
  </testcase> <!-- verifyUserAbleToLoginWithCorrectUsernameWrongPassword -->
</testsuite> <!-- Test -->
